<?xml version="1.0" encoding="UTF-8"?>
<testng-results skipped="0" failed="0" total="1" passed="1">
  <reporter-output>
  </reporter-output>
  <suite name="Test_Suite" duration-ms="17484" started-at="2016-04-01T09:08:44Z" finished-at="2016-04-01T09:09:01Z">
    <groups>
    </groups>
    <test name="UI_Tests" duration-ms="17484" started-at="2016-04-01T09:08:44Z" finished-at="2016-04-01T09:09:01Z">
      <class name="com.guru99.Tests.UI_Tests.Login_Form">
        <test-method status="PASS" signature="init()[pri:0, instance:com.guru99.Tests.UI_Tests.Login_Form@175c2241]" name="init" is-config="true" duration-ms="13303" started-at="2016-04-01T14:38:44Z" finished-at="2016-04-01T14:38:57Z">
          <reporter-output>
          </reporter-output>
        </test-method> <!-- init -->
        <test-method status="PASS" signature="startTestMethod(java.lang.reflect.Method)[pri:0, instance:com.guru99.Tests.UI_Tests.Login_Form@175c2241]" name="startTestMethod" is-config="true" duration-ms="1" started-at="2016-04-01T14:38:57Z" finished-at="2016-04-01T14:38:57Z">
          <params>
            <param index="0">
              <value>
                <![CDATA[public void com.guru99.Tests.UI_Tests.Login_Form.T92() throws java.lang.Exception]]>
              </value>
            </param>
          </params>
          <reporter-output>
          </reporter-output>
        </test-method> <!-- startTestMethod -->
        <test-method status="PASS" signature="T92()[pri:0, instance:com.guru99.Tests.UI_Tests.Login_Form@175c2241]" name="T92" duration-ms="2469" started-at="2016-04-01T14:38:57Z" finished-at="2016-04-01T14:38:59Z">
          <reporter-output>
          </reporter-output>
        </test-method> <!-- T92 -->
        <test-method status="PASS" signature="endTestMethod(java.lang.reflect.Method)[pri:0, instance:com.guru99.Tests.UI_Tests.Login_Form@175c2241]" name="endTestMethod" is-config="true" duration-ms="0" started-at="2016-04-01T14:39:00Z" finished-at="2016-04-01T14:39:00Z">
          <params>
            <param index="0">
              <value>
                <![CDATA[public void com.guru99.Tests.UI_Tests.Login_Form.T92() throws java.lang.Exception]]>
              </value>
            </param>
          </params>
          <reporter-output>
          </reporter-output>
        </test-method> <!-- endTestMethod -->
        <test-method status="PASS" signature="tear_down()[pri:0, instance:com.guru99.Tests.UI_Tests.Login_Form@175c2241]" name="tear_down" is-config="true" duration-ms="619" started-at="2016-04-01T14:39:00Z" finished-at="2016-04-01T14:39:01Z">
          <reporter-output>
          </reporter-output>
        </test-method> <!-- tear_down -->
      </class> <!-- com.guru99.Tests.UI_Tests.Login_Form -->
    </test> <!-- UI_Tests -->
  </suite> <!-- Test_Suite -->
</testng-results>
