<?xml version="1.0" encoding="UTF-8"?>
<!-- Generated by org.testng.reporters.JUnitXMLReporter -->
<testsuite hostname="Arpo-PC" name="UI_Tests" tests="3" failures="0" timestamp="1 Apr 2016 16:35:59 GMT" time="22.127" errors="0">
  <testcase name="T92" time="1.901" classname="com.guru99.Tests.UI_Tests.Login_Form"/>
  <testcase name="T30" time="4.57" classname="com.guru99.Tests.UI_Tests.BalanceEnquiry_Form"/>
  <testcase name="T31" time="3.153" classname="com.guru99.Tests.UI_Tests.BalanceEnquiry_Form"/>
</testsuite> <!-- UI_Tests -->
