<?xml version="1.0" encoding="UTF-8"?>
<!-- Generated by org.testng.reporters.JUnitXMLReporter -->
<testsuite hostname="Arpo-PC" name="Test" tests="2" failures="1" timestamp="27 Mar 2016 06:13:36 GMT" time="0.094" errors="0">
  <testcase name="test1" time="0.016" classname="com.guru99.Tests.AssertAndSoftAssert">
    <failure type="java.lang.AssertionError" message="expected [different] but found [same]">
      <![CDATA[java.lang.AssertionError: expected [different] but found [same]
	at com.guru99.Tests.AssertAndSoftAssert.test1(AssertAndSoftAssert.java:17)
... Removed 29 stack frames]]>
    </failure>
  </testcase> <!-- test1 -->
  <testcase name="test2" time="0.031" classname="com.guru99.Tests.AssertAndSoftAssert"/>
</testsuite> <!-- Test -->
